<?xml version="1.0" encoding="UTF-8"?>
<!-- Generated by org.testng.reporters.JUnitReportReporter -->
<testsuite skipped="1" hostname="PC00BR26572" name="restServiceCep.CEPValidator" tests="5" failures="0" timestamp="19 dez 2017 10:42:11 GMT" time="7.505" errors="0">
  <testcase name="TC03" time="1.217" classname="restServiceCep.CEPValidator"/>
  <testcase name="TC02" time="1.462" classname="restServiceCep.CEPValidator"/>
  <testcase name="TC00" time="3.368" classname="restServiceCep.CEPValidator"/>
  <testcase name="TC01" time="1.458" classname="restServiceCep.CEPValidator"/>
  <testcase name="test" classname="restServiceCep.CEPValidator">
    <skipped/>
  </testcase> <!-- test -->
</testsuite> <!-- restServiceCep.CEPValidator -->
